info: all products listed {"timestamp":"2023-04-09T14:14:59.977Z"}
info: all products listed {"timestamp":"2023-04-09T14:17:12.587Z"}
info: Server running on port 3000 {"timestamp":"2023-04-09T14:19:55.518Z"}
info: Server running on port 3000 {"timestamp":"2023-04-09T14:20:31.905Z"}
info: Server running on port 3000 {"timestamp":"2023-04-09T14:25:39.789Z"}
info: Server running on port 3000 {"timestamp":"2023-04-09T14:29:07.057Z"}
info: deleted {"timestamp":"2023-04-09T14:29:32.664Z"}
info: updated {"timestamp":"2023-04-09T14:29:51.093Z"}
info: created {"timestamp":"2023-04-09T14:30:14.916Z"}
info: Server running on port 3000 {"timestamp":"2023-04-09T14:32:17.640Z"}
info: created {"timestamp":"2023-04-09T14:34:35.974Z"}
info: created, 10 {"timestamp":"2023-04-09T14:38:24.527Z"}
info: deleted {"timestamp":"2023-04-09T14:39:15.519Z"}
info: updated, 12 {"timestamp":"2023-04-09T14:39:30.675Z"}
info: updated, lamb12 {"timestamp":"2023-04-09T14:40:39.890Z"}
info: created, gıda kolisi 15 {"timestamp":"2023-04-09T14:44:39.517Z"}
info: updated, bebek bezi 6 numara 40 {"timestamp":"2023-04-09T15:12:46.265Z"}
info: updated, t-shirt  10 {"timestamp":"2023-04-09T15:13:54.051Z"}
info: updated, t-shirt  3 {"timestamp":"2023-04-09T15:26:10.756Z"}
info: updated, bebek bezi 6 numara 60 {"timestamp":"2023-04-09T15:26:27.050Z"}
info: updated, gıda kolisi 55 {"timestamp":"2023-04-09T15:26:50.559Z"}
